  Main.cpp
d:\vs 2017 projects\project 2019 c\advprogassignment\advprogassignment\advprogassignment\main.cpp(15): warning C4326: return type of 'main' should be 'int' instead of 'void'
d:\vs 2017 projects\project 2019 c\advprogassignment\advprogassignment\advprogassignment\main.cpp(116): warning C4476: 'fscanf' : unknown type field character '.' in format specifier
d:\vs 2017 projects\project 2019 c\advprogassignment\advprogassignment\advprogassignment\main.cpp(116): warning C4477: 'fscanf' : format string '%d' requires an argument of type 'int *', but variadic argument 9 has type 'float *'
d:\vs 2017 projects\project 2019 c\advprogassignment\advprogassignment\advprogassignment\main.cpp(116): warning C4477: 'fscanf' : format string '%d' requires an argument of type 'int *', but variadic argument 10 has type 'float *'
d:\vs 2017 projects\project 2019 c\advprogassignment\advprogassignment\advprogassignment\main.cpp(116): warning C4477: 'fscanf' : format string '%d' requires an argument of type 'int *', but variadic argument 11 has type 'int'
d:\vs 2017 projects\project 2019 c\advprogassignment\advprogassignment\advprogassignment\main.cpp(117): warning C4474: 'fscanf' : too many arguments passed for format string
  d:\vs 2017 projects\project 2019 c\advprogassignment\advprogassignment\advprogassignment\main.cpp(117): note: placeholders and their parameters expect 12 variadic arguments, but 14 were provided
d:\vs 2017 projects\project 2019 c\advprogassignment\advprogassignment\advprogassignment\main.cpp(43): warning C4996: 'ctime': This function or variable may be unsafe. Consider using ctime_s instead. To disable deprecation, use _CRT_SECURE_NO_WARNINGS. See online help for details.
  c:\program files (x86)\windows kits\10\include\10.0.17763.0\ucrt\time.h(476): note: see declaration of 'ctime'
d:\vs 2017 projects\project 2019 c\advprogassignment\advprogassignment\advprogassignment\main.cpp(54): warning C4996: 'fopen': This function or variable may be unsafe. Consider using fopen_s instead. To disable deprecation, use _CRT_SECURE_NO_WARNINGS. See online help for details.
  c:\program files (x86)\windows kits\10\include\10.0.17763.0\ucrt\stdio.h(208): note: see declaration of 'fopen'
d:\vs 2017 projects\project 2019 c\advprogassignment\advprogassignment\advprogassignment\main.cpp(55): warning C4996: 'fopen': This function or variable may be unsafe. Consider using fopen_s instead. To disable deprecation, use _CRT_SECURE_NO_WARNINGS. See online help for details.
  c:\program files (x86)\windows kits\10\include\10.0.17763.0\ucrt\stdio.h(208): note: see declaration of 'fopen'
d:\vs 2017 projects\project 2019 c\advprogassignment\advprogassignment\advprogassignment\main.cpp(64): warning C4996: 'scanf': This function or variable may be unsafe. Consider using scanf_s instead. To disable deprecation, use _CRT_SECURE_NO_WARNINGS. See online help for details.
  c:\program files (x86)\windows kits\10\include\10.0.17763.0\ucrt\stdio.h(1274): note: see declaration of 'scanf'
d:\vs 2017 projects\project 2019 c\advprogassignment\advprogassignment\advprogassignment\main.cpp(71): warning C4996: 'getch': The POSIX name for this item is deprecated. Instead, use the ISO C and C++ conformant name: _getch. See online help for details.
  c:\program files (x86)\windows kits\10\include\10.0.17763.0\ucrt\conio.h(453): note: see declaration of 'getch'
d:\vs 2017 projects\project 2019 c\advprogassignment\advprogassignment\advprogassignment\main.cpp(96): warning C4996: 'fscanf': This function or variable may be unsafe. Consider using fscanf_s instead. To disable deprecation, use _CRT_SECURE_NO_WARNINGS. See online help for details.
  c:\program files (x86)\windows kits\10\include\10.0.17763.0\ucrt\stdio.h(1197): note: see declaration of 'fscanf'
d:\vs 2017 projects\project 2019 c\advprogassignment\advprogassignment\advprogassignment\main.cpp(116): warning C4996: 'fscanf': This function or variable may be unsafe. Consider using fscanf_s instead. To disable deprecation, use _CRT_SECURE_NO_WARNINGS. See online help for details.
  c:\program files (x86)\windows kits\10\include\10.0.17763.0\ucrt\stdio.h(1197): note: see declaration of 'fscanf'
d:\vs 2017 projects\project 2019 c\advprogassignment\advprogassignment\advprogassignment\main.cpp(155): warning C4996: 'ctime': This function or variable may be unsafe. Consider using ctime_s instead. To disable deprecation, use _CRT_SECURE_NO_WARNINGS. See online help for details.
  c:\program files (x86)\windows kits\10\include\10.0.17763.0\ucrt\time.h(476): note: see declaration of 'ctime'
d:\vs 2017 projects\project 2019 c\advprogassignment\advprogassignment\advprogassignment\main.cpp(158): warning C4996: 'scanf': This function or variable may be unsafe. Consider using scanf_s instead. To disable deprecation, use _CRT_SECURE_NO_WARNINGS. See online help for details.
  c:\program files (x86)\windows kits\10\include\10.0.17763.0\ucrt\stdio.h(1274): note: see declaration of 'scanf'
d:\vs 2017 projects\project 2019 c\advprogassignment\advprogassignment\advprogassignment\main.cpp(166): warning C4996: 'scanf': This function or variable may be unsafe. Consider using scanf_s instead. To disable deprecation, use _CRT_SECURE_NO_WARNINGS. See online help for details.
  c:\program files (x86)\windows kits\10\include\10.0.17763.0\ucrt\stdio.h(1274): note: see declaration of 'scanf'
d:\vs 2017 projects\project 2019 c\advprogassignment\advprogassignment\advprogassignment\main.cpp(191): warning C4996: 'scanf': This function or variable may be unsafe. Consider using scanf_s instead. To disable deprecation, use _CRT_SECURE_NO_WARNINGS. See online help for details.
  c:\program files (x86)\windows kits\10\include\10.0.17763.0\ucrt\stdio.h(1274): note: see declaration of 'scanf'
d:\vs 2017 projects\project 2019 c\advprogassignment\advprogassignment\advprogassignment\main.cpp(194): warning C4996: 'scanf': This function or variable may be unsafe. Consider using scanf_s instead. To disable deprecation, use _CRT_SECURE_NO_WARNINGS. See online help for details.
  c:\program files (x86)\windows kits\10\include\10.0.17763.0\ucrt\stdio.h(1274): note: see declaration of 'scanf'
d:\vs 2017 projects\project 2019 c\advprogassignment\advprogassignment\advprogassignment\main.cpp(197): warning C4996: 'scanf': This function or variable may be unsafe. Consider using scanf_s instead. To disable deprecation, use _CRT_SECURE_NO_WARNINGS. See online help for details.
  c:\program files (x86)\windows kits\10\include\10.0.17763.0\ucrt\stdio.h(1274): note: see declaration of 'scanf'
d:\vs 2017 projects\project 2019 c\advprogassignment\advprogassignment\advprogassignment\main.cpp(200): warning C4996: 'scanf': This function or variable may be unsafe. Consider using scanf_s instead. To disable deprecation, use _CRT_SECURE_NO_WARNINGS. See online help for details.
  c:\program files (x86)\windows kits\10\include\10.0.17763.0\ucrt\stdio.h(1274): note: see declaration of 'scanf'
d:\vs 2017 projects\project 2019 c\advprogassignment\advprogassignment\advprogassignment\main.cpp(205): warning C4996: 'scanf': This function or variable may be unsafe. Consider using scanf_s instead. To disable deprecation, use _CRT_SECURE_NO_WARNINGS. See online help for details.
  c:\program files (x86)\windows kits\10\include\10.0.17763.0\ucrt\stdio.h(1274): note: see declaration of 'scanf'
d:\vs 2017 projects\project 2019 c\advprogassignment\advprogassignment\advprogassignment\main.cpp(208): warning C4996: 'scanf': This function or variable may be unsafe. Consider using scanf_s instead. To disable deprecation, use _CRT_SECURE_NO_WARNINGS. See online help for details.
  c:\program files (x86)\windows kits\10\include\10.0.17763.0\ucrt\stdio.h(1274): note: see declaration of 'scanf'
d:\vs 2017 projects\project 2019 c\advprogassignment\advprogassignment\advprogassignment\main.cpp(211): warning C4996: 'scanf': This function or variable may be unsafe. Consider using scanf_s instead. To disable deprecation, use _CRT_SECURE_NO_WARNINGS. See online help for details.
  c:\program files (x86)\windows kits\10\include\10.0.17763.0\ucrt\stdio.h(1274): note: see declaration of 'scanf'
d:\vs 2017 projects\project 2019 c\advprogassignment\advprogassignment\advprogassignment\main.cpp(214): warning C4996: 'scanf': This function or variable may be unsafe. Consider using scanf_s instead. To disable deprecation, use _CRT_SECURE_NO_WARNINGS. See online help for details.
  c:\program files (x86)\windows kits\10\include\10.0.17763.0\ucrt\stdio.h(1274): note: see declaration of 'scanf'
d:\vs 2017 projects\project 2019 c\advprogassignment\advprogassignment\advprogassignment\main.cpp(220): warning C4996: 'scanf': This function or variable may be unsafe. Consider using scanf_s instead. To disable deprecation, use _CRT_SECURE_NO_WARNINGS. See online help for details.
  c:\program files (x86)\windows kits\10\include\10.0.17763.0\ucrt\stdio.h(1274): note: see declaration of 'scanf'
d:\vs 2017 projects\project 2019 c\advprogassignment\advprogassignment\advprogassignment\main.cpp(230): warning C4996: 'scanf': This function or variable may be unsafe. Consider using scanf_s instead. To disable deprecation, use _CRT_SECURE_NO_WARNINGS. See online help for details.
  c:\program files (x86)\windows kits\10\include\10.0.17763.0\ucrt\stdio.h(1274): note: see declaration of 'scanf'
d:\vs 2017 projects\project 2019 c\advprogassignment\advprogassignment\advprogassignment\main.cpp(248): warning C4996: 'scanf': This function or variable may be unsafe. Consider using scanf_s instead. To disable deprecation, use _CRT_SECURE_NO_WARNINGS. See online help for details.
  c:\program files (x86)\windows kits\10\include\10.0.17763.0\ucrt\stdio.h(1274): note: see declaration of 'scanf'
d:\vs 2017 projects\project 2019 c\advprogassignment\advprogassignment\advprogassignment\main.cpp(265): warning C4996: 'scanf': This function or variable may be unsafe. Consider using scanf_s instead. To disable deprecation, use _CRT_SECURE_NO_WARNINGS. See online help for details.
  c:\program files (x86)\windows kits\10\include\10.0.17763.0\ucrt\stdio.h(1274): note: see declaration of 'scanf'
d:\vs 2017 projects\project 2019 c\advprogassignment\advprogassignment\advprogassignment\main.cpp(143): warning C4101: 'timeSinceLast': unreferenced local variable
d:\vs 2017 projects\project 2019 c\advprogassignment\advprogassignment\advprogassignment\main.cpp(325): warning C4996: 'scanf': This function or variable may be unsafe. Consider using scanf_s instead. To disable deprecation, use _CRT_SECURE_NO_WARNINGS. See online help for details.
  c:\program files (x86)\windows kits\10\include\10.0.17763.0\ucrt\stdio.h(1274): note: see declaration of 'scanf'
d:\vs 2017 projects\project 2019 c\advprogassignment\advprogassignment\advprogassignment\main.cpp(330): warning C4996: 'scanf': This function or variable may be unsafe. Consider using scanf_s instead. To disable deprecation, use _CRT_SECURE_NO_WARNINGS. See online help for details.
  c:\program files (x86)\windows kits\10\include\10.0.17763.0\ucrt\stdio.h(1274): note: see declaration of 'scanf'
d:\vs 2017 projects\project 2019 c\advprogassignment\advprogassignment\advprogassignment\main.cpp(335): warning C4996: 'scanf': This function or variable may be unsafe. Consider using scanf_s instead. To disable deprecation, use _CRT_SECURE_NO_WARNINGS. See online help for details.
  c:\program files (x86)\windows kits\10\include\10.0.17763.0\ucrt\stdio.h(1274): note: see declaration of 'scanf'
d:\vs 2017 projects\project 2019 c\advprogassignment\advprogassignment\advprogassignment\main.cpp(386): warning C4996: 'scanf': This function or variable may be unsafe. Consider using scanf_s instead. To disable deprecation, use _CRT_SECURE_NO_WARNINGS. See online help for details.
  c:\program files (x86)\windows kits\10\include\10.0.17763.0\ucrt\stdio.h(1274): note: see declaration of 'scanf'
d:\vs 2017 projects\project 2019 c\advprogassignment\advprogassignment\advprogassignment\main.cpp(391): warning C4996: 'scanf': This function or variable may be unsafe. Consider using scanf_s instead. To disable deprecation, use _CRT_SECURE_NO_WARNINGS. See online help for details.
  c:\program files (x86)\windows kits\10\include\10.0.17763.0\ucrt\stdio.h(1274): note: see declaration of 'scanf'
d:\vs 2017 projects\project 2019 c\advprogassignment\advprogassignment\advprogassignment\main.cpp(396): warning C4996: 'scanf': This function or variable may be unsafe. Consider using scanf_s instead. To disable deprecation, use _CRT_SECURE_NO_WARNINGS. See online help for details.
  c:\program files (x86)\windows kits\10\include\10.0.17763.0\ucrt\stdio.h(1274): note: see declaration of 'scanf'
d:\vs 2017 projects\project 2019 c\advprogassignment\advprogassignment\advprogassignment\main.cpp(408): warning C4996: 'scanf': This function or variable may be unsafe. Consider using scanf_s instead. To disable deprecation, use _CRT_SECURE_NO_WARNINGS. See online help for details.
  c:\program files (x86)\windows kits\10\include\10.0.17763.0\ucrt\stdio.h(1274): note: see declaration of 'scanf'
d:\vs 2017 projects\project 2019 c\advprogassignment\advprogassignment\advprogassignment\main.cpp(411): warning C4996: 'scanf': This function or variable may be unsafe. Consider using scanf_s instead. To disable deprecation, use _CRT_SECURE_NO_WARNINGS. See online help for details.
  c:\program files (x86)\windows kits\10\include\10.0.17763.0\ucrt\stdio.h(1274): note: see declaration of 'scanf'
d:\vs 2017 projects\project 2019 c\advprogassignment\advprogassignment\advprogassignment\main.cpp(414): warning C4996: 'scanf': This function or variable may be unsafe. Consider using scanf_s instead. To disable deprecation, use _CRT_SECURE_NO_WARNINGS. See online help for details.
  c:\program files (x86)\windows kits\10\include\10.0.17763.0\ucrt\stdio.h(1274): note: see declaration of 'scanf'
d:\vs 2017 projects\project 2019 c\advprogassignment\advprogassignment\advprogassignment\main.cpp(417): warning C4996: 'scanf': This function or variable may be unsafe. Consider using scanf_s instead. To disable deprecation, use _CRT_SECURE_NO_WARNINGS. See online help for details.
  c:\program files (x86)\windows kits\10\include\10.0.17763.0\ucrt\stdio.h(1274): note: see declaration of 'scanf'
d:\vs 2017 projects\project 2019 c\advprogassignment\advprogassignment\advprogassignment\main.cpp(420): warning C4996: 'scanf': This function or variable may be unsafe. Consider using scanf_s instead. To disable deprecation, use _CRT_SECURE_NO_WARNINGS. See online help for details.
  c:\program files (x86)\windows kits\10\include\10.0.17763.0\ucrt\stdio.h(1274): note: see declaration of 'scanf'
d:\vs 2017 projects\project 2019 c\advprogassignment\advprogassignment\advprogassignment\main.cpp(423): warning C4996: 'scanf': This function or variable may be unsafe. Consider using scanf_s instead. To disable deprecation, use _CRT_SECURE_NO_WARNINGS. See online help for details.
  c:\program files (x86)\windows kits\10\include\10.0.17763.0\ucrt\stdio.h(1274): note: see declaration of 'scanf'
d:\vs 2017 projects\project 2019 c\advprogassignment\advprogassignment\advprogassignment\main.cpp(426): warning C4996: 'scanf': This function or variable may be unsafe. Consider using scanf_s instead. To disable deprecation, use _CRT_SECURE_NO_WARNINGS. See online help for details.
  c:\program files (x86)\windows kits\10\include\10.0.17763.0\ucrt\stdio.h(1274): note: see declaration of 'scanf'
d:\vs 2017 projects\project 2019 c\advprogassignment\advprogassignment\advprogassignment\main.cpp(429): warning C4996: 'scanf': This function or variable may be unsafe. Consider using scanf_s instead. To disable deprecation, use _CRT_SECURE_NO_WARNINGS. See online help for details.
  c:\program files (x86)\windows kits\10\include\10.0.17763.0\ucrt\stdio.h(1274): note: see declaration of 'scanf'
d:\vs 2017 projects\project 2019 c\advprogassignment\advprogassignment\advprogassignment\main.cpp(432): warning C4996: 'scanf': This function or variable may be unsafe. Consider using scanf_s instead. To disable deprecation, use _CRT_SECURE_NO_WARNINGS. See online help for details.
  c:\program files (x86)\windows kits\10\include\10.0.17763.0\ucrt\stdio.h(1274): note: see declaration of 'scanf'
d:\vs 2017 projects\project 2019 c\advprogassignment\advprogassignment\advprogassignment\main.cpp(435): warning C4996: 'scanf': This function or variable may be unsafe. Consider using scanf_s instead. To disable deprecation, use _CRT_SECURE_NO_WARNINGS. See online help for details.
  c:\program files (x86)\windows kits\10\include\10.0.17763.0\ucrt\stdio.h(1274): note: see declaration of 'scanf'
d:\vs 2017 projects\project 2019 c\advprogassignment\advprogassignment\advprogassignment\main.cpp(445): warning C4996: 'scanf': This function or variable may be unsafe. Consider using scanf_s instead. To disable deprecation, use _CRT_SECURE_NO_WARNINGS. See online help for details.
  c:\program files (x86)\windows kits\10\include\10.0.17763.0\ucrt\stdio.h(1274): note: see declaration of 'scanf'
d:\vs 2017 projects\project 2019 c\advprogassignment\advprogassignment\advprogassignment\main.cpp(463): warning C4996: 'scanf': This function or variable may be unsafe. Consider using scanf_s instead. To disable deprecation, use _CRT_SECURE_NO_WARNINGS. See online help for details.
  c:\program files (x86)\windows kits\10\include\10.0.17763.0\ucrt\stdio.h(1274): note: see declaration of 'scanf'
d:\vs 2017 projects\project 2019 c\advprogassignment\advprogassignment\advprogassignment\main.cpp(480): warning C4996: 'scanf': This function or variable may be unsafe. Consider using scanf_s instead. To disable deprecation, use _CRT_SECURE_NO_WARNINGS. See online help for details.
  c:\program files (x86)\windows kits\10\include\10.0.17763.0\ucrt\stdio.h(1274): note: see declaration of 'scanf'
d:\vs 2017 projects\project 2019 c\advprogassignment\advprogassignment\advprogassignment\main.cpp(555): warning C4996: 'scanf': This function or variable may be unsafe. Consider using scanf_s instead. To disable deprecation, use _CRT_SECURE_NO_WARNINGS. See online help for details.
  c:\program files (x86)\windows kits\10\include\10.0.17763.0\ucrt\stdio.h(1274): note: see declaration of 'scanf'
d:\vs 2017 projects\project 2019 c\advprogassignment\advprogassignment\advprogassignment\main.cpp(562): warning C4996: 'scanf': This function or variable may be unsafe. Consider using scanf_s instead. To disable deprecation, use _CRT_SECURE_NO_WARNINGS. See online help for details.
  c:\program files (x86)\windows kits\10\include\10.0.17763.0\ucrt\stdio.h(1274): note: see declaration of 'scanf'
d:\vs 2017 projects\project 2019 c\advprogassignment\advprogassignment\advprogassignment\main.cpp(646): warning C4996: 'scanf': This function or variable may be unsafe. Consider using scanf_s instead. To disable deprecation, use _CRT_SECURE_NO_WARNINGS. See online help for details.
  c:\program files (x86)\windows kits\10\include\10.0.17763.0\ucrt\stdio.h(1274): note: see declaration of 'scanf'
d:\vs 2017 projects\project 2019 c\advprogassignment\advprogassignment\advprogassignment\main.cpp(741): warning C4996: 'fopen': This function or variable may be unsafe. Consider using fopen_s instead. To disable deprecation, use _CRT_SECURE_NO_WARNINGS. See online help for details.
  c:\program files (x86)\windows kits\10\include\10.0.17763.0\ucrt\stdio.h(208): note: see declaration of 'fopen'
d:\vs 2017 projects\project 2019 c\advprogassignment\advprogassignment\advprogassignment\main.cpp(867): warning C4996: 'scanf': This function or variable may be unsafe. Consider using scanf_s instead. To disable deprecation, use _CRT_SECURE_NO_WARNINGS. See online help for details.
  c:\program files (x86)\windows kits\10\include\10.0.17763.0\ucrt\stdio.h(1274): note: see declaration of 'scanf'
d:\vs 2017 projects\project 2019 c\advprogassignment\advprogassignment\advprogassignment\main.cpp(909): warning C4996: 'scanf': This function or variable may be unsafe. Consider using scanf_s instead. To disable deprecation, use _CRT_SECURE_NO_WARNINGS. See online help for details.
  c:\program files (x86)\windows kits\10\include\10.0.17763.0\ucrt\stdio.h(1274): note: see declaration of 'scanf'
d:\vs 2017 projects\project 2019 c\advprogassignment\advprogassignment\advprogassignment\main.cpp(965): warning C4996: 'scanf': This function or variable may be unsafe. Consider using scanf_s instead. To disable deprecation, use _CRT_SECURE_NO_WARNINGS. See online help for details.
  c:\program files (x86)\windows kits\10\include\10.0.17763.0\ucrt\stdio.h(1274): note: see declaration of 'scanf'
  AdvProgAssignment.vcxproj -> D:\VS 2017 Projects\Project 2019 C\AdvProgAssignment\AdvProgAssignment\Debug\AdvProgAssignment.exe
